<?xml version="1.0" encoding="UTF-8"?>
<!-- Generated by org.testng.reporters.JUnitReportReporter -->
<testsuite hostname="hp" name="testCases.VerifySignInReports1" tests="1" failures="0" timestamp="25 Jun 2016 10:02:43 GMT" time="42.555" errors="0">
  <testcase name="verifySign" time="42.555" classname="testCases.VerifySignInReports1"/>
</testsuite> <!-- testCases.VerifySignInReports1 -->
