<?xml version="1.0" encoding="UTF-8"?>
<!-- Generated by org.testng.reporters.JUnitReportReporter -->
<testsuite hostname="hp" name="testCases.VerifySignInReports" tests="1" failures="0" timestamp="25 Jun 2016 09:10:16 GMT" time="62.341" errors="0">
  <testcase name="verifySign" time="62.341" classname="testCases.VerifySignInReports"/>
</testsuite> <!-- testCases.VerifySignInReports -->
