<?xml version="1.0" encoding="UTF-8"?>
<!-- Generated by org.testng.reporters.JUnitReportReporter -->
<testsuite hostname="hp" name="testCases.VerifySignIn" tests="1" failures="0" timestamp="25 Jun 2016 07:40:36 GMT" time="72.636" errors="0">
  <testcase name="verifySign" time="72.636" classname="testCases.VerifySignIn"/>
</testsuite> <!-- testCases.VerifySignIn -->
